[debug] [2022-09-25T17:26:44.139Z] ----------------------------------------------------------------------
[debug] [2022-09-25T17:26:44.141Z] Command:       C:\Program Files\nodejs\node.exe C:\Users\singh\AppData\Roaming\npm\node_modules\firebase-tools\lib\bin\firebase.js login --debug
[debug] [2022-09-25T17:26:44.141Z] CLI Version:   11.10.0
[debug] [2022-09-25T17:26:44.141Z] Platform:      win32
[debug] [2022-09-25T17:26:44.141Z] Node Version:  v16.14.2
[debug] [2022-09-25T17:26:44.142Z] Time:          Sun Sep 25 2022 22:56:44 GMT+0530 (India Standard Time)
[debug] [2022-09-25T17:26:44.142Z] ----------------------------------------------------------------------
[debug] 
[info] i  Firebase optionally collects CLI and Emulator Suite usage and error reporting information to help improve our products. Data is collected in accordance with Google's privacy policy (https://policies.google.com/privacy) and is not used to identify you.
 
[info] i  To change your data collection preference at any time, run `firebase logout` and log in again. 
[info] 
[info] Visit this URL on this device to log in:
[info] https://accounts.google.com/o/oauth2/auth?client_id=563584335869-fgrhgmd47bqnekij5i8b5pr03ho849e6.apps.googleusercontent.com&scope=email%20openid%20https%3A%2F%2Fwww.googleapis.com%2Fauth%2Fcloudplatformprojects.readonly%20https%3A%2F%2Fwww.googleapis.com%2Fauth%2Ffirebase%20https%3A%2F%2Fwww.googleapis.com%2Fauth%2Fcloud-platform&response_type=code&state=924043380&redirect_uri=http%3A%2F%2Flocalhost%3A9005
[info] 
[info] Waiting for authentication...
[debug] [2022-09-25T17:26:47.335Z] Error: spawn cmd ENOENT
    at Process.ChildProcess._handle.onexit (node:internal/child_process:283:19)
    at onErrorNT (node:internal/child_process:478:16)
    at processTicksAndRejections (node:internal/process/task_queues:83:21)
[error] 
[error] Error: An unexpected error has occurred.
[debug] [2022-09-25T17:31:31.580Z] ----------------------------------------------------------------------
[debug] [2022-09-25T17:31:31.582Z] Command:       C:\Program Files\nodejs\node.exe C:\Users\singh\AppData\Roaming\npm\node_modules\firebase-tools\lib\bin\firebase.js login
[debug] [2022-09-25T17:31:31.582Z] CLI Version:   11.10.0
[debug] [2022-09-25T17:31:31.582Z] Platform:      win32
[debug] [2022-09-25T17:31:31.582Z] Node Version:  v16.14.2
[debug] [2022-09-25T17:31:31.583Z] Time:          Sun Sep 25 2022 23:01:31 GMT+0530 (India Standard Time)
[debug] [2022-09-25T17:31:31.583Z] ----------------------------------------------------------------------
[debug] 
[info] i  Firebase optionally collects CLI and Emulator Suite usage and error reporting information to help improve our products. Data is collected in accordance with Google's privacy policy (https://policies.google.com/privacy) and is not used to identify you.
 
[info] i  To change your data collection preference at any time, run `firebase logout` and log in again. 
[info] 
[info] Visit this URL on this device to log in:
[info] https://accounts.google.com/o/oauth2/auth?client_id=563584335869-fgrhgmd47bqnekij5i8b5pr03ho849e6.apps.googleusercontent.com&scope=email%20openid%20https%3A%2F%2Fwww.googleapis.com%2Fauth%2Fcloudplatformprojects.readonly%20https%3A%2F%2Fwww.googleapis.com%2Fauth%2Ffirebase%20https%3A%2F%2Fwww.googleapis.com%2Fauth%2Fcloud-platform&response_type=code&state=96043031&redirect_uri=http%3A%2F%2Flocalhost%3A9005
[info] 
[info] Waiting for authentication...
[debug] [2022-09-25T17:31:33.733Z] Error: spawn cmd ENOENT
    at Process.ChildProcess._handle.onexit (node:internal/child_process:283:19)
    at onErrorNT (node:internal/child_process:478:16)
    at processTicksAndRejections (node:internal/process/task_queues:83:21)
[error] 
[error] Error: An unexpected error has occurred.
